<?xml version="1.0" encoding="UTF-8"?>
<testng-results ignored="0" total="1" passed="1" failed="0" skipped="0">
  <reporter-output>
  </reporter-output>
  <suite started-at="2023-08-04T20:04:54 IST" name="Suite" finished-at="2023-08-04T20:06:59 IST" duration-ms="125642">
    <groups>
    </groups>
    <test started-at="2023-08-04T20:04:54 IST" name="Test" finished-at="2023-08-04T20:06:59 IST" duration-ms="125642">
      <class name="srilaxmi.srilaxmi.shopping">
        <test-method is-config="true" signature="setup()[pri:0, instance:srilaxmi.srilaxmi.shopping@a38c7fe]" started-at="2023-08-04T20:04:54 IST" name="setup" finished-at="2023-08-04T20:06:11 IST" duration-ms="77701" status="PASS">
          <reporter-output>
          </reporter-output>
        </test-method> <!-- setup -->
        <test-method signature="test1()[pri:0, instance:srilaxmi.srilaxmi.shopping@a38c7fe]" started-at="2023-08-04T20:06:11 IST" name="test1" finished-at="2023-08-04T20:06:57 IST" duration-ms="45423" status="PASS">
          <reporter-output>
          </reporter-output>
        </test-method> <!-- test1 -->
        <test-method is-config="true" signature="teardown()[pri:0, instance:srilaxmi.srilaxmi.shopping@a38c7fe]" started-at="2023-08-04T20:06:57 IST" name="teardown" finished-at="2023-08-04T20:06:59 IST" duration-ms="2386" status="PASS">
          <reporter-output>
          </reporter-output>
        </test-method> <!-- teardown -->
      </class> <!-- srilaxmi.srilaxmi.shopping -->
    </test> <!-- Test -->
  </suite> <!-- Suite -->
</testng-results>
