<?xml version="1.0" encoding="UTF-8"?>
<testng-results ignored="0" total="1" passed="1" failed="0" skipped="0">
  <reporter-output>
  </reporter-output>
  <suite started-at="2023-08-04T11:30:58 IST" name="Suite" finished-at="2023-08-04T11:32:02 IST" duration-ms="63915">
    <groups>
    </groups>
    <test started-at="2023-08-04T11:30:58 IST" name="Test" finished-at="2023-08-04T11:32:02 IST" duration-ms="63915">
      <class name="srilaxmi.srilaxmi.shopping">
        <test-method is-config="true" signature="setup()[pri:0, instance:srilaxmi.srilaxmi.shopping@79e4c792]" started-at="2023-08-04T11:30:58 IST" name="setup" finished-at="2023-08-04T11:31:39 IST" duration-ms="40983" status="PASS">
          <reporter-output>
          </reporter-output>
        </test-method> <!-- setup -->
        <test-method signature="test1()[pri:0, instance:srilaxmi.srilaxmi.shopping@79e4c792]" started-at="2023-08-04T11:31:39 IST" name="test1" finished-at="2023-08-04T11:32:00 IST" duration-ms="21679" status="PASS">
          <reporter-output>
          </reporter-output>
        </test-method> <!-- test1 -->
        <test-method is-config="true" signature="teardown()[pri:0, instance:srilaxmi.srilaxmi.shopping@79e4c792]" started-at="2023-08-04T11:32:00 IST" name="teardown" finished-at="2023-08-04T11:32:01 IST" duration-ms="1050" status="PASS">
          <reporter-output>
          </reporter-output>
        </test-method> <!-- teardown -->
      </class> <!-- srilaxmi.srilaxmi.shopping -->
    </test> <!-- Test -->
  </suite> <!-- Suite -->
</testng-results>
